Searching for include files...
Searching for example files...
Searching for images...
Searching for dot files...
Searching for msc files...
Searching for dia files...
Searching for files to exclude
Searching INPUT for files to process...
Searching for files in directory /home/heitzig/Nextcloud/git/tricl/src
Reading and parsing tag files
Parsing files
Preprocessing /home/heitzig/Nextcloud/git/tricl/src/angle.cpp...
Parsing file /home/heitzig/Nextcloud/git/tricl/src/angle.cpp...
Preprocessing /home/heitzig/Nextcloud/git/tricl/src/angle.h...
Parsing file /home/heitzig/Nextcloud/git/tricl/src/angle.h...
Preprocessing /home/heitzig/Nextcloud/git/tricl/src/config.cpp...
Parsing file /home/heitzig/Nextcloud/git/tricl/src/config.cpp...
Preprocessing /home/heitzig/Nextcloud/git/tricl/src/config.h...
Parsing file /home/heitzig/Nextcloud/git/tricl/src/config.h...
Preprocessing /home/heitzig/Nextcloud/git/tricl/src/constants.cpp...
Parsing file /home/heitzig/Nextcloud/git/tricl/src/constants.cpp...
Preprocessing /home/heitzig/Nextcloud/git/tricl/src/data_model.h...
Parsing file /home/heitzig/Nextcloud/git/tricl/src/data_model.h...
Preprocessing /home/heitzig/Nextcloud/git/tricl/src/debugging.cpp...
Parsing file /home/heitzig/Nextcloud/git/tricl/src/debugging.cpp...
Preprocessing /home/heitzig/Nextcloud/git/tricl/src/debugging.h...
Parsing file /home/heitzig/Nextcloud/git/tricl/src/debugging.h...
Preprocessing /home/heitzig/Nextcloud/git/tricl/src/entity.cpp...
Parsing file /home/heitzig/Nextcloud/git/tricl/src/entity.cpp...
Preprocessing /home/heitzig/Nextcloud/git/tricl/src/entity.h...
Parsing file /home/heitzig/Nextcloud/git/tricl/src/entity.h...
Preprocessing /home/heitzig/Nextcloud/git/tricl/src/event.cpp...
Parsing file /home/heitzig/Nextcloud/git/tricl/src/event.cpp...
Preprocessing /home/heitzig/Nextcloud/git/tricl/src/event.h...
Parsing file /home/heitzig/Nextcloud/git/tricl/src/event.h...
Preprocessing /home/heitzig/Nextcloud/git/tricl/src/finish.cpp...
Parsing file /home/heitzig/Nextcloud/git/tricl/src/finish.cpp...
Preprocessing /home/heitzig/Nextcloud/git/tricl/src/finish.h...
Parsing file /home/heitzig/Nextcloud/git/tricl/src/finish.h...
Preprocessing /home/heitzig/Nextcloud/git/tricl/src/gexf.cpp...
Parsing file /home/heitzig/Nextcloud/git/tricl/src/gexf.cpp...
Preprocessing /home/heitzig/Nextcloud/git/tricl/src/gexf.h...
Parsing file /home/heitzig/Nextcloud/git/tricl/src/gexf.h...
Preprocessing /home/heitzig/Nextcloud/git/tricl/src/global_variables.h...
Parsing file /home/heitzig/Nextcloud/git/tricl/src/global_variables.h...
Preprocessing /home/heitzig/Nextcloud/git/tricl/src/graphviz.cpp...
Parsing file /home/heitzig/Nextcloud/git/tricl/src/graphviz.cpp...
Preprocessing /home/heitzig/Nextcloud/git/tricl/src/graphviz.h...
Parsing file /home/heitzig/Nextcloud/git/tricl/src/graphviz.h...
Preprocessing /home/heitzig/Nextcloud/git/tricl/src/init.cpp...
Parsing file /home/heitzig/Nextcloud/git/tricl/src/init.cpp...
Preprocessing /home/heitzig/Nextcloud/git/tricl/src/init.h...
Parsing file /home/heitzig/Nextcloud/git/tricl/src/init.h...
Preprocessing /home/heitzig/Nextcloud/git/tricl/src/io.cpp...
Parsing file /home/heitzig/Nextcloud/git/tricl/src/io.cpp...
Preprocessing /home/heitzig/Nextcloud/git/tricl/src/io.h...
Parsing file /home/heitzig/Nextcloud/git/tricl/src/io.h...
Preprocessing /home/heitzig/Nextcloud/git/tricl/src/link.cpp...
Parsing file /home/heitzig/Nextcloud/git/tricl/src/link.cpp...
Preprocessing /home/heitzig/Nextcloud/git/tricl/src/link.h...
Parsing file /home/heitzig/Nextcloud/git/tricl/src/link.h...
Preprocessing /home/heitzig/Nextcloud/git/tricl/src/probability.cpp...
Parsing file /home/heitzig/Nextcloud/git/tricl/src/probability.cpp...
Preprocessing /home/heitzig/Nextcloud/git/tricl/src/probability.h...
Parsing file /home/heitzig/Nextcloud/git/tricl/src/probability.h...
Preprocessing /home/heitzig/Nextcloud/git/tricl/src/simulate.cpp...
Parsing file /home/heitzig/Nextcloud/git/tricl/src/simulate.cpp...
Preprocessing /home/heitzig/Nextcloud/git/tricl/src/simulate.h...
Parsing file /home/heitzig/Nextclou/home/heitzig/Nextcloud/git/tricl/src/data_model.h:362: warning: Internal inconsistency: scope for class std::hash< entity_type_pair > not found!
/home/heitzig/Nextcloud/git/tricl/src/data_model.h:367: warning: Internal inconsistency: scope for class std::hash< link_type > not found!
/home/heitzig/Nextcloud/git/tricl/src/data_model.h:372: warning: Internal inconsistency: scope for class std::hash< event_type > not found!
/home/heitzig/Nextcloud/git/tricl/src/data_model.h:377: warning: Internal inconsistency: scope for class std::hash< angle_type > not found!
/home/heitzig/Nextcloud/git/tricl/src/data_model.h:385: warning: Internal inconsistency: scope for class std::hash< influence_type > not found!
/home/heitzig/Nextcloud/git/tricl/src/data_model.h:390: warning: Internal inconsistency: scope for class std::hash< inleg > not found!
/home/heitzig/Nextcloud/git/tricl/src/data_model.h:395: warning: Internal inconsistency: scope for class std::hash< outleg > not found!
/home/heitzig/Nextcloud/git/tricl/src/data_model.h:400: warning: Internal inconsistency: scope for class std::hash< link > not found!
/home/heitzig/Nextcloud/git/tricl/src/data_model.h:405: warning: Internal inconsistency: scope for class std::hash< event > not found!
/home/heitzig/Nextcloud/git/tricl/src/data_model.h:410: warning: Internal inconsistency: scope for class std::hash< angle > not found!
/home/heitzig/Nextcloud/git/tricl/src/data_model.h:372: warning: Compound std::hash< event_type > is not documented.
/home/heitzig/Nextcloud/git/tricl/src/data_model.h:390: warning: Compound std::hash< inleg > is not documented.
/home/heitzig/Nextcloud/git/tricl/src/data_model.h:367: warning: Compound std::hash< link_type > is not documented.
/home/heitzig/Nextcloud/git/tricl/src/data_model.h:385: warning: Compound std::hash< influence_type > is not documented.
/home/heitzig/Nextcloud/git/tricl/src/data_model.h:400: warning: Compound std::hash< link > is not documented.
/home/heitzig/Nextcloud/git/tricl/src/data_model.h:405: warning: Compound std::hash< event > is not documented.
/home/heitzig/Nextcloud/git/tricl/src/data_model.h:343: warning: Compound tricl::influence_type is not documented.
/home/heitzig/Nextcloud/git/tricl/src/data_model.h:377: warning: Compound std::hash< angle_type > is not documented.
/home/heitzig/Nextcloud/git/tricl/src/data_model.h:410: warning: Compound std::hash< angle > is not documented.
/home/heitzig/Nextcloud/git/tricl/src/data_model.h:362: warning: Compound std::hash< entity_type_pair > is not documented.
/home/heitzig/Nextcloud/git/tricl/src/data_model.h:395: warning: Compound std::hash< outleg > is not documented.
/home/heitzig/Nextcloud/git/tricl/src/data_model.h:91: warning: unable to resolve reference to `probunits2probability()' for \ref command
/home/heitzig/Nextcloud/git/tricl/src/angle.cpp:21: warning: Member add_or_delete_angle(event_class ec_angle, entity e1, entity_type et1, relationship_or_action_type rat12, entity e2, entity_type et2, relationship_or_action_type rat23, entity e3, entity_type et3) (function) of file angle.cpp is not documented.
/home/heitzig/Nextcloud/git/tricl/src/angle.cpp:21: warning: The following parameters of add_or_delete_angle(event_class ec_angle, entity e1, entity_type et1, relationship_or_action_type rat12, entity e2, entity_type et2, relationship_or_action_type rat23, entity e3, entity_type et3) are not documented:
  parameter 'e1'
  parameter 'et1'
  parameter 'rat12'
  parameter 'e2'
  parameter 'et2'
  parameter 'rat23'
  parameter 'e3'
  parameter 'et3'
/home/heitzig/Nextcloud/git/tricl/src/config.cpp:66: warning: Member TAIL_DEFAULT (macro definition) of file config.cpp is not documented.
/home/heitzig/Nextcloud/git/tricl/src/config.cpp:72: warning: Member MAX_N_TE_VARS (macro definition) of file config.cpp is not documented.
/home/heitzig/Nextcloud/git/tricl/src/config.cpp:27: warning: Member options("tricl", "a generic network-based social simulation model") (function) of file config.cpp is not documented.
/home/heitzig/Nextcloud/git/tricl/src/config.cpp:77: warning: Member parse_double(string expr) (function) of file config.cpp is not documented.
/home/heitzig/Nextcloud/git/tricl/src/config.cpp:81: warning: Member parse_int(string expr) (function) of file config.cpp is not documented.
/home/heitzig/Nextcloud/git/tricl/src/config.cpp:86: warning: Member register_te_var(string symbol, string expr) (function) of file config.cpp is not documented.
/home/heitzig/Nextcloud/git/tricl/src/config.cpp:103: warning: Member read_entity_labels(YAML::Node n, entity_type et) (function) of file config.cpp is not documented.
/home/heitzig/Nextcloud/git/tricl/src/config.cpp:112: warning: Member read_config(int argc, char *argv[]) (function) of file config.cpp is not documented.
/home/heitzig/Nextcloud/git/tricl/src/config.cpp:30: warning: Member gexf_filename (variable) of file config.cpp is not documented.
/home/heitzig/Nextcloud/git/tricl/src/config.cpp:31: warning: Member diagram_fileprefix (variable) of file config.cpp is not documented.
/home/heitzig/Nextcloud/git/tricl/src/config.cpp:31: warning: Member gexf_default_filename (variable) of file config.cpp is not documented.
/home/heitzig/Nextcloud/git/tricl/src/config.cpp:32: warning: Member verbose (variable) of file config.cpp is not documented.
/home/heitzig/Nextcloud/git/tricl/src/config.cpp:32: warning: Member quiet (variable) of file config.cpp is not documented.
/home/heitzig/Nextcloud/git/tricl/src/config.cpp:32: warning: Member debug (variable) of file config.cpp is not documented.
/home/heitzig/Nextcloud/git/tricl/src/config.cpp:33: warning: Member max_t (variable) of file config.cpp is not documented.
/home/heitzig/Nextcloud/git/tricl/src/config.cpp:34: warning: Member max_n_events (variable) of file config.cpp is not documented.
/home/heitzig/Nextcloud/git/tricl/src/config.cpp:35: warning: Member seed (variable) of file config.cpp is not documented.
/home/heitzig/Nextcloud/git/tricl/src/config.cpp:38: warning: Member et2label (variable) of file config.cpp is not documented.
/home/heitzig/Nextcloud/git/tricl/src/config.cpp:39: warning: Member label2et (variable) of file config.cpp is not documented.
/home/heitzig/Nextcloud/git/tricl/src/config.cpp:40: warning: Member et2n (variable) of file config.cpp is not documented.
/home/heitzig/Nextcloud/git/tricl/src/config.cpp:41: warning: Member rat2label (variable) of file config.cpp is not documented.
/home/heitzig/Nextcloud/git/tricl/src/config.cpp:42: warning: Member label2rat (variable) of file config.cpp is not documented.
/home/heitzig/Nextcloud/git/tricl/src/config.cpp:43: warning: Member r_is_action_type (variable) of file config.cpp is not documented.
/home/heitzig/Nextcloud/git/tricl/src/config.cpp:44: warning: Member rat2inv (variable) of file config.cpp is not documented.
/home/heitzig/Nextcloud/git/tricl/src/config.cpp:45: warning: Member e2label (variable) of file config.cpp is not documented.
/home/heitzig/Nextcloud/git/tricl/src/config.cpp:46: warning: Member label2e (variable) of file config.cpp is not documented.
/home/heitzig/Nextcloud/git/tricl/src/config.cpp:47: warning: Member initial_links (variable) of file config.cpp is not documented.
/home/heitzig/Nextcloud/git/tricl/src/config.cpp:48: warning: Member et2n_blocks (variable) of file config.cpp is not documented.
/home/heitzig/Nextcloud/git/tricl/src/config.cpp:49: warning: Member lt2initial_prob_within (variable) of file config.cpp is not documented.
/home/heitzig/Nextcloud/git/tricl/src/config.cpp:50: warning: Member lt2initial_prob_between (variable) of file config.cpp is not documented.
/home/heitzig/Nextcloud/git/tricl/src/config.cpp:51: warning: Member et2dim (variable) of file config.cpp is not documented.
/home/heitzig/Nextcloud/git/tricl/src/config.cpp:52: warning: Member lt2spatial_decay (variable) of file config.cpp is not documented.
/home/heitzig/Nextcloud/git/tricl/src/config.cpp:53: warning: Member evt2base_attempt_rate (variable) of file config.cpp is not documented.
/home/heitzig/Nextcloud/git/tricl/src/config.cpp:54: warning: Member inflt2attempt_rate (variable) of file config.cpp is not documented.
/home/heitzig/Nextcloud/git/tricl/src/config.cpp:55: warning: Member evt2left_tail (variable) of file config.cpp is not documented.
/home/heitzig/Nextcloud/git/tricl/src/config.cpp:55: warning: Member evt2right_tail (variable) of file config.cpp is not documented.
/home/heitzig/Nextcloud/git/tricl/src/config.cpp:56: warning: Member evt2base_probunits (variable) of file config.cpp is not documented.
/home/heitzig/Nextcloud/git/tricl/src/config.cpp:57: warning: Member inflt2delta_probunits (variable) of file config.cpp is not documented.
/home/heitzig/Nextcloud/git/tricl/src/config.cpp:58: warning: Member et2gexf_size (variable) of file config.cpp is not documented.
/home/heitzig/Nextcloud/git/tricl/src/config.cpp:58: warning: Member et2gexf_a (variable) of file config.cpp is not documented.
/home/heitzig/Nextcloud/git/tricl/src/config.cpp:59: warning: Member et2gexf_shape (variable) of file config.cpp is not documented.
/home/heitzig/Nextcloud/git/tricl/src/config.cpp:60: warning: Member et2gexf_r (variable) of file config.cpp is not documented.
/home/heitzig/Nextcloud/git/tricl/src/config.cpp:60: warning: Member et2gexf_g (variable) of file config.cpp is not documented.
/home/heitzig/Nextcloud/git/tricl/src/config.cpp:60: warning: Member et2gexf_b (variable) of file config.cpp is not documented.
/home/heitzig/Nextcloud/git/tricl/src/config.cpp:61: warning: Member rat2gexf_thickness (variable) of file config.cpp is not documented.
/home/heitzig/Nextcloud/git/tricl/src/config.cpp:61: warning: Member rat2gexf_a (variable) of file config.cpp is not documented.
/home/heitzig/Nextcloud/git/tricl/src/config.cpp:62: warning: Member rat2gexf_shape (variable) of file config.cpp is not documented.
/home/heitzig/Nextcloud/git/tricl/src/config.cpp:63: warning: Member rat2gexf_r (variable) of file config.cpp is not documented.
/home/heitzig/Nextcloud/git/tricl/src/config.cpp:63: warning: Member rat2gexf_g (variable) of file config.cpp is not documented.
/home/heitzig/Nextcloud/git/tricl/src/config.cpp:63: warning: Member rat2gexf_b (variable) of file config.cpp is not documented.
/home/heitzig/Nextcloud/git/tricl/src/config.cpp:69: warning: Member max_e (variable) of file config.cpp is not documented.
/home/heitzig/Nextcloud/git/tricl/src/config.cpp:73: warning: Member te_syms[MAX_N_TE_VARS] (variable) of file config.cpp is not documented.
/home/heitzig/Nextcloud/git/tricl/src/config.cpp:74: warning: Member te_vals[MAX_N_TE_VARS] (variable) of file config.cpp is not documented.
/home/heitzig/Nextcloud/git/tricl/src/config.cpp:75: warning: Member te_vars[MAX_N_TE_VARS] (variable) of file config.cpp is not documented.
/home/heitzig/Nextcloud/git/tricl/src/config.cpp:76: warning: Member n_te_vars (variable) of file config.cpp is not documented.
/home/heitzig/Nextcloud/git/tricl/src/constants.cpp:13: warning: Member ec2label (variable) of namespace tricl is not documented.
/home/heitzig/Nextcloud/git/tricl/src/data_model.h:383: warning: Member INFLT(inflt) (macro definition) of file data_model.h is not documented.
/home/heitzig/Nextcloud/git/tricl/src/data_model.h:384: warning: Member MAX_N_INFLT (macro definition) of file data_model.h is not documented.
/home/heitzig/Nextcloud/git/tricl/src/data_model.h:91: warning: unable to resolve reference to `probunits2probability()' for \ref command
/home/heitzig/Nextcloud/git/tricl/src/data_model.h:340: warning: Member angles (typedef) of namespace tricl is not documented.
/home/heitzig/Nextcloud/git/tricl/src/data_model.h:183: warning: unable to resolve reference to `event' for \ref command
/home/heitzig/Nextcloud/git/tricl/src/event.cpp:184: warning: Member IF_12 (macro definition) of file event.cpp is not documented.
/home/heitzig/Nextcloud/git/tricl/src/event.cpp:185: warning: Member IF_23 (macro definition) of file event.cpp is not documented.
/home/heitzig/Nextcloud/git/tricl/src/event.cpp:42: warning: Member _schedule_event(event &ev, event_data *evd_, double left_tail, double right_tail) (function) of file event.cpp is not documented.
/home/heitzig/Nextcloud/git/tricl/src/event.cpp:78: warning: Member schedule_event(event &ev, event_data *evd_, double left_tail, double right_tail) (function) of file event.cpp is not documented.
/home/heitzig/Nextcloud/git/tricl/src/event.cpp:87: warning: Member reschedule_event(event &ev, event_data *evd_, double left_tail, double right_tail) (function) of file event.cpp is not documented.
/home/heitzig/Nextcloud/git/tricl/src/event.cpp:96: warning: Member add_event(event &ev) (function) of file event.cpp is not documented.
/home/heitzig/Nextcloud/git/tricl/src/event.cpp:168: warning: Member remove_event(event &ev, event_data *evd_) (function) of file event.cpp is not documented.
/home/heitzig/Nextcloud/git/tricl/src/event.cpp:176: warning: Member conditionally_remove_event(event &ev) (function) of file event.cpp is not documented.
/home/heitzig/Nextcloud/git/tricl/src/event.cpp:187: warning: Member update_adjacent_events(event &ev) (function) of file event.cpp is not documented.
/home/heitzig/Nextcloud/git/tricl/src/event.cpp:217: warning: Member add_reverse_event(event &old_ev) (function) of file event.cpp is not documented.
/home/heitzig/Nextcloud/git/tricl/src/event.cpp:226: warning: Member perform_event(event &ev) (function) of file event.cpp is not documented.
/home/heitzig/Nextcloud/git/tricl/src/event.cpp:275: warning: Member pop_next_event() (function) of file event.cpp is not documented.
/home/heitzig/Nextcloud/git/tricl/src/data_model.h:411: warning: Member operator()(const angle &a) const (function) of class std::hash< angle > is not documented.
/home/heitzig/Nextcloud/git/tricl/src/data_model.h:378: warning: Member operator()(const angle_type &at) const (function) of class std::hash< angle_type > is not documented.
/home/heitzig/Nextcloud/git/tricl/src/data_model.h:363: warning: Member operator()(const entity_type_pair &etp) const (function) of class std::hash< entity_type_pair > is not documented.
/home/heitzig/Nextcloud/git/tricl/src/data_model.h:406: warning: Member operator()(const event &ev) const (function) of class std::hash< event > is not documented.
/home/heitzig/Nextcloud/git/tricl/src/data_model.h:373: warning: Member operator()(const event_type &evt) const (function) of class std::hash< event_type > is not documented.
/home/heitzig/Nextcloud/git/tricl/src/data_model.h:386: warning: Member operator()(const influence_type &inflt) const (function) of class std::hash< influence_type > is not documented.
/home/heitzig/Nextcloud/git/tricl/src/data_model.h:391: warning: Member operator()(const inleg &l) const (function) of class std::hash< inleg > is not documented.
/home/heitzig/Nextcloud/git/tricl/src/data_model.h:401: warning: Member operator()(const link &l) const (function) of class std::hash< link > is not documented.
/home/heitzig/Nextcloud/git/tricl/src/data_model.h:368: warning: Member operator()(const link_type &lt) const (function) of class std::hash< link_type > is not documented.
/home/heitzig/Nextcloud/git/tricl/src/data_model.h:396: warning: Member operator()(const outleg &l) const (function) of class std::hash< outleg > is not documented.
/home/heitzig/Nextcloud/git/tricl/src/data_model.h:91: warning: unable to resolve reference to `probunits2probability()' for \ref command
/home/heitzig/Nextcloud/git/tricl/src/data_model.h:340: warning: Member angles (typedef) of namespace tricl is not documented.
/home/heitzig/Nextcloud/git/tricl/src/data_model.h:183: warning: unable to resolve reference to `event' for \ref command
/home/heitzig/Nextcloud/git/tricl/src/constants.cpp:13: warning: Member ec2label (variable) of namespace tricl is not documented.
/home/heitzig/Nextcloud/git/tricl/src/data_model.h:317: warning: Member operator==(const angle &left, const angle &right) (friend) of class tricl::angle is not documented.
/home/heitzig/Nextcloud/git/tricl/src/data_model.h:333: warning: Member operator==(const angle_type &left, const angle_type &right) (friend) of class tricl::angle_type is not documented.
/home/heitzig/Nextcloud/git/tricl/src/data_model.h:140: warning: Member operator==(const entity_type_pair &left, const entity_type_pair &right) (friend) of class tricl::entity_type_pair is not documented.
/home/heitzig/Nextcloud/git/tricl/src/data_model.h:206: warning: Member operator==(const event &left, const event &right) (friend) of class tricl::event is not documented.
/home/heitzig/Nextcloud/git/tricl/src/data_model.h:223: warning: Member operator==(const event_type &left, const event_type &right) (friend) of class tricl::event_type is not documented.
/home/heitzig/Nextcloud/git/tricl/src/data_model.h:344: warning: Member evt (variable) of class tricl::influence_type is not documented.
/home/heitzig/Nextcloud/git/tricl/src/data_model.h:345: warning: Member at (variable) of class tricl::influence_type is not documented.
/home/heitzig/Nextcloud/git/tricl/src/data_model.h:347: warning: Member operator==(const influence_type &left, const influence_type &right) (friend) of class tricl::influence_type is not documented.
/home/heitzig/Nextcloud/git/tricl/src/data_model.h:257: warning: Member operator==(const inleg &left, const inleg &right) (friend) of class tricl::inleg is not documented.
/home/heitzig/Nextcloud/git/tricl/src/data_model.h:262: warning: Member operator<(const inleg &left, const inleg &right) (friend) of class tricl::inleg is not documented.
/home/heitzig/Nextcloud/git/tricl/src/data_model.h:155: warning: Member operator==(const link &left, const link &right) (friend) of class tricl::link is not documented.
/home/heitzig/Nextcloud/git/tricl/src/data_model.h:161: warning: Member operator<(const link &left, const link &right) (friend) of class tricl::link is not documented.
/home/heitzig/Nextcloud/git/tricl/src/data_model.h:176: warning: Member operator==(const link_type &left, const link_type &right) (friend) of class tricl::link_type is not documented.
/home/heitzig/Nextcloud/git/tricl/src/data_model.h:283: warning: Member operator==(const outleg &left, const outleg &right) (friend) of class tricl::outleg is not documented.
/home/heitzig/Nextcloud/git/tricl/src/data_model.h:288: warning: Member operator<(const outleg &left, const outleg &right) (friend) of class tricl::outleg is not documented.
d/git/tricl/src/simulate.h...
Preprocessing /home/heitzig/Nextcloud/git/tricl/src/tricl.cpp...
Parsing file /home/heitzig/Nextcloud/git/tricl/src/tricl.cpp...
Building group list...
Building directory list...
Building namespace list...
Building file list...
Building class list...
Associating documentation with classes...
Computing nesting relations for classes...
Building example list...
Searching for enumerations...
Searching for documented typedefs...
Searching for members imported via using declarations...
Searching for included using directives...
Searching for documented variables...
Building interface member list...
Building member list...
Searching for friends...
Searching for documented defines...
Computing class inheritance relations...
Computing class usage relations...
Flushing cached template relations that have become invalid...
Computing class relations...
Add enum values to enums...
Searching for member function documentation...
Creating members for template instances...
Building page list...
Search for main page...
Computing page relations...
Determining the scope of groups...
Sorting lists...
Freeing entry tree
Determining which enums are documented
Computing member relations...
Building full member lists recursively...
Adding members to member groups.
Computing member references...
Inheriting documentation...
Generating disk names...
Adding source references...
Adding xrefitems...
Sorting member lists...
Computing dependencies between directories...
Generating citations page...
Counting data structures...
Resolving user defined references...
Finding anchors and sections in the documentation...
Transferring function references...
Combining using relations...
Adding members to index pages...
Generating style sheet...
Generating search indices...
Generating example documentation...
Generating file sources...
Generating code for file src/angle.h...
Generating code for file src/config.h...
Generating code for file src/data_model.h...
Generating code for file src/debugging.h...
Generating code for file src/entity.h...
Generating code for file src/event.h...
Generating code for file src/finish.h...
Generating code for file src/gexf.h...
Generating code for file src/global_variables.h...
Generating code for file src/graphviz.h...
Generating code for file src/init.h...
Generating code for file src/io.h...
Generating code for file src/link.h...
Generating code for file src/probability.h...
Generating code for file src/simulate.h...
Generating file documentation...
Generating docs for file src/angle.cpp...
Generating docs for file src/config.cpp...
Generating docs for file src/constants.cpp...
Generating docs for file src/data_model.h...
Generating docs for file src/entity.cpp...
Generating docs for file src/event.cpp...
Generating docs for file src/tricl.cpp...
Generating page documentation...
Generating group documentation...
Generating class documentation...
Generating namespace index...
Generating docs for compound std::hash< angle >...
Generating docs for compound std::hash< angle_type >...
Generating docs for compound std::hash< entity_type_pair >...
Generating docs for compound std::hash< event >...
Generating docs for compound std::hash< event_type >...
Generating docs for compound std::hash< influence_type >...
Generating docs for compound std::hash< inleg >...
Generating docs for compound std::hash< link >...
Generating docs for compound std::hash< link_type >...
Generating docs for compound std::hash< outleg >...
Generating docs for namespace tricl
Generating docs for compound tricl::angle...
Generating docs for compound tricl::angle_type...
Generating docs for compound tricl::entity_type_pair...
Generating docs for compound tricl::event...
Generating docs for compound tricl::event_data...
Generating docs for compound tricl::event_type...
Generating docs for compound tricl::influence_type...
Generating docs for compound tricl::inleg...
Generating docs for compound tricl::link...
Generating docs for compound tricl::link_type...
Generating docs for compound tricl::outleg...
Generating graph info page...
Generating directory documentation...
Generating index page...
Generating page index...
Generating module index...
Generating namespace index...
Generating namespace member index...
Generating annotated compound index...
Generating alphabetical compound index...
Generating hierarchical class index...
Generating graphical class hierarchy...
Generating member index...
Generating file index...
Generating file member index...
Generating example index...
finalizing index lists...
writing tag file...
Running dot...
lookup cache used 464/65536 hits=2297 misses=486
finished...
